<?xml version="1.0" encoding="UTF-8"?>
<testng-results ignored="0" total="1" passed="1" failed="0" skipped="0">
  <reporter-output>
    <line>
      <![CDATA[Email Required Msg found!]]>
    </line>
    <line>
      <![CDATA[Username Required Msg found!]]>
    </line>
    <line>
      <![CDATA[Password Required Msg found!]]>
    </line>
    <line>
      <![CDATA[Referral ID Required Msg found!]]>
    </line>
  </reporter-output>
  <suite started-at="2023-09-27T10:32:28 IST" name="Suite" finished-at="2023-09-27T10:32:51 IST" duration-ms="23280">
    <groups>
    </groups>
    <test started-at="2023-09-27T10:32:28 IST" name="Test" finished-at="2023-09-27T10:32:51 IST" duration-ms="23280">
      <class name="com.bpract.fabrizo.testscripts.FabRegisterTest">
        <test-method is-config="true" signature="initialization(java.lang.String)[pri:0, instance:com.bpract.fabrizo.testscripts.FabRegisterTest@25fb8912]" started-at="2023-09-27T10:32:28 IST" name="initialization" finished-at="2023-09-27T10:32:50 IST" duration-ms="21947" status="PASS">
          <params>
            <param index="0">
              <value>
                <![CDATA[chrome]]>
              </value>
            </param>
          </params>
          <reporter-output>
          </reporter-output>
        </test-method> <!-- initialization -->
        <test-method signature="verifyRegisterWithBlankData()[pri:0, instance:com.bpract.fabrizo.testscripts.FabRegisterTest@25fb8912]" started-at="2023-09-27T10:32:50 IST" name="verifyRegisterWithBlankData" finished-at="2023-09-27T10:32:51 IST" duration-ms="1293" status="PASS">
          <reporter-output>
            <line>
              <![CDATA[Email Required Msg found!]]>
            </line>
            <line>
              <![CDATA[Username Required Msg found!]]>
            </line>
            <line>
              <![CDATA[Password Required Msg found!]]>
            </line>
            <line>
              <![CDATA[Referral ID Required Msg found!]]>
            </line>
          </reporter-output>
        </test-method> <!-- verifyRegisterWithBlankData -->
      </class> <!-- com.bpract.fabrizo.testscripts.FabRegisterTest -->
    </test> <!-- Test -->
  </suite> <!-- Suite -->
</testng-results>
